<?xml version="1.0" encoding="UTF-8"?>
<!-- Generated by org.testng.reporters.JUnitXMLReporter -->
<testsuite ignored="0" hostname="DESKTOP-LPCAOOD" failures="1" tests="1" name="Default test" time="2.474" errors="0" timestamp="2024-06-24T14:00:33 EDT">
  <testcase classname="io.cucumber.testng.AbstractTestNGCucumberTests" name="runScenario" time="2.057">
    <failure type="io.cucumber.java.PendingException" message="TODO: implement me">
      <![CDATA[io.cucumber.java.PendingException: TODO: implement me
at stepDefinitions.stepDefinitions.i_send_a_get_request_to_the_endpoint(stepDefinitions.java:35)
at ✽.I send a GET request to the "/users" endpoint(file:///C:/Users/mathu/eclipse-workspace/NumpyNinja/Mathumathi_RestAssured_Cucumber/src/test/resources/features/CRUDRequests.feature:4)
]]>
    </failure>
  </testcase> <!-- runScenario -->
</testsuite> <!-- Default test -->
