<?xml version="1.0" encoding="UTF-8"?>
<testng-results ignored="0" total="1" passed="0" failed="1" skipped="0">
  <reporter-output>
  </reporter-output>
  <suite started-at="2024-06-24T14:00:31 EDT" name="Default suite" finished-at="2024-06-24T14:00:33 EDT" duration-ms="2474">
    <groups>
      <group name="cucumber">
        <method signature="AbstractTestNGCucumberTests.runScenario(io.cucumber.testng.PickleWrapper,io.cucumber.testng.FeatureWrapper)[pri:0, instance:testRunners.testNGRunner$TestNGRunner@1d9b7cce]" name="runScenario" class="io.cucumber.testng.AbstractTestNGCucumberTests"/>
      </group> <!-- cucumber -->
    </groups>
    <test started-at="2024-06-24T14:00:31 EDT" name="Default test" finished-at="2024-06-24T14:00:33 EDT" duration-ms="2474">
      <class name="testRunners.testNGRunner$TestNGRunner">
        <test-method is-config="true" signature="setUpClass(org.testng.ITestContext)[pri:0, instance:testRunners.testNGRunner$TestNGRunner@1d9b7cce]" started-at="2024-06-24T14:00:31 EDT" name="setUpClass" finished-at="2024-06-24T14:00:31 EDT" duration-ms="363" status="PASS">
          <params>
            <param index="0">
              <value>
                <![CDATA[org.testng.TestRunner@61db86bf]]>
              </value>
            </param>
          </params>
          <reporter-output>
          </reporter-output>
        </test-method> <!-- setUpClass -->
        <test-method signature="runScenario(io.cucumber.testng.PickleWrapper,io.cucumber.testng.FeatureWrapper)[pri:0, instance:testRunners.testNGRunner$TestNGRunner@1d9b7cce]" started-at="2024-06-24T14:00:31 EDT" name="runScenario" description="Runs Cucumber Scenarios" data-provider="scenarios" finished-at="2024-06-24T14:00:33 EDT" duration-ms="2057" status="FAIL">
          <params>
            <param index="0">
              <value>
                <![CDATA["CRUD operations for users"]]>
              </value>
            </param>
            <param index="1">
              <value>
                <![CDATA["Optional[CRUD REQUEST]"]]>
              </value>
            </param>
          </params>
          <exception class="io.cucumber.java.PendingException">
            <message>
              <![CDATA[TODO: implement me]]>
            </message>
            <full-stacktrace>
              <![CDATA[io.cucumber.java.PendingException: TODO: implement me
at stepDefinitions.stepDefinitions.i_send_a_get_request_to_the_endpoint(stepDefinitions.java:35)
at ✽.I send a GET request to the "/users" endpoint(file:///C:/Users/mathu/eclipse-workspace/NumpyNinja/Mathumathi_RestAssured_Cucumber/src/test/resources/features/CRUDRequests.feature:4)
]]>
            </full-stacktrace>
          </exception> <!-- io.cucumber.java.PendingException -->
          <reporter-output>
          </reporter-output>
        </test-method> <!-- runScenario -->
        <test-method is-config="true" signature="tearDownClass()[pri:0, instance:testRunners.testNGRunner$TestNGRunner@1d9b7cce]" started-at="2024-06-24T14:00:33 EDT" name="tearDownClass" finished-at="2024-06-24T14:00:33 EDT" duration-ms="24" status="PASS">
          <reporter-output>
          </reporter-output>
        </test-method> <!-- tearDownClass -->
      </class> <!-- testRunners.testNGRunner$TestNGRunner -->
    </test> <!-- Default test -->
  </suite> <!-- Default suite -->
</testng-results>
