<?xml version="1.0" encoding="UTF-8"?>
<!-- Generated by org.testng.reporters.JUnitReportReporter -->
<testsuite hostname="DESKTOP-LPCAOOD" failures="0" tests="1" name="testRunners.testNGRunner$TestNGRunner" time="2.057" errors="1" timestamp="2024-06-24T14:00:33 EDT" skipped="0">
  <testcase classname="testRunners.testNGRunner$TestNGRunner" name="runScenario" time="2.057">
    <error message="TODO: implement me" type="io.cucumber.java.PendingException">
      <![CDATA[io.cucumber.java.PendingException: TODO: implement me
at stepDefinitions.stepDefinitions.i_send_a_get_request_to_the_endpoint(stepDefinitions.java:35)
at ✽.I send a GET request to the "/users" endpoint(file:///C:/Users/mathu/eclipse-workspace/NumpyNinja/Mathumathi_RestAssured_Cucumber/src/test/resources/features/CRUDRequests.feature:4)
]]>
    </error>
  </testcase> <!-- runScenario -->
  <system-out/>
</testsuite> <!-- testRunners.testNGRunner$TestNGRunner -->
